<?xml version="1.0" encoding="UTF-8"?>
<!-- Generated by org.testng.reporters.JUnitReportReporter -->
<testsuite skipped="0" hostname="CBT-MH-000" name="Demo1.ValidateHotelpage" tests="1" failures="0" timestamp="30 Oct 2019 11:02:51 GMT" time="10.332" errors="0">
  <testcase name="hotelSearch" time="10.332" classname="Demo1.ValidateHotelpage"/>
</testsuite> <!-- Demo1.ValidateHotelpage -->
