<?xml version="1.0" encoding="UTF-8"?>
<!-- Generated by org.testng.reporters.JUnitReportReporter -->
<testsuite skipped="0" hostname="CBT-MH-000" name="resources.Hotelsearch" tests="1" failures="0" timestamp="29 Oct 2019 10:06:59 GMT" time="0.000" errors="1">
  <testcase name="testing" time="0.000" classname="resources.Hotelsearch">
    <error type="java.lang.Error" message="Unresolved compilation problems: 
	Hotelsearch.WebDriver cannot be resolved to a type
	Syntax error on token &quot;(&quot;, . expected
	Illegal modifier for parameter driver; only final is permitted
	Syntax error on token &quot;)&quot;, ; expected
	Syntax error, insert &quot;VariableDeclarators&quot; to complete LocalVariableDeclaration
	Syntax error, insert &quot;;&quot; to complete LocalVariableDeclarationStatement
	void is an invalid type for the variable $missing$
	Syntax error on tokens, delete these tokens
	IOException cannot be resolved to a variable
	Syntax error, insert &quot;)&quot; to complete MethodInvocation
	Syntax error, insert &quot;;&quot; to complete Statement
	InterruptedException cannot be resolved to a variable
">
      <![CDATA[java.lang.Error: Unresolved compilation problems: 
	Hotelsearch.WebDriver cannot be resolved to a type
	Syntax error on token "(", . expected
	Illegal modifier for parameter driver; only final is permitted
	Syntax error on token ")", ; expected
	Syntax error, insert "VariableDeclarators" to complete LocalVariableDeclaration
	Syntax error, insert ";" to complete LocalVariableDeclarationStatement
	void is an invalid type for the variable $missing$
	Syntax error on tokens, delete these tokens
	IOException cannot be resolved to a variable
	Syntax error, insert ")" to complete MethodInvocation
	Syntax error, insert ";" to complete Statement
	InterruptedException cannot be resolved to a variable

	at resources.Hotelsearch.testing(Hotelsearch.java:39)
	at sun.reflect.NativeMethodAccessorImpl.invoke0(Native Method)
	at sun.reflect.NativeMethodAccessorImpl.invoke(NativeMethodAccessorImpl.java:62)
	at sun.reflect.DelegatingMethodAccessorImpl.invoke(DelegatingMethodAccessorImpl.java:43)
	at java.lang.reflect.Method.invoke(Method.java:498)
	at org.testng.internal.MethodInvocationHelper.invokeMethod(MethodInvocationHelper.java:108)
	at org.testng.internal.Invoker.invokeMethod(Invoker.java:661)
	at org.testng.internal.Invoker.invokeTestMethod(Invoker.java:869)
	at org.testng.internal.Invoker.invokeTestMethods(Invoker.java:1193)
	at org.testng.internal.TestMethodWorker.invokeTestMethods(TestMethodWorker.java:126)
	at org.testng.internal.TestMethodWorker.run(TestMethodWorker.java:109)
	at org.testng.TestRunner.privateRun(TestRunner.java:744)
	at org.testng.TestRunner.run(TestRunner.java:602)
	at org.testng.SuiteRunner.runTest(SuiteRunner.java:380)
	at org.testng.SuiteRunner.runSequentially(SuiteRunner.java:375)
	at org.testng.SuiteRunner.privateRun(SuiteRunner.java:340)
	at org.testng.SuiteRunner.run(SuiteRunner.java:289)
	at org.testng.SuiteRunnerWorker.runSuite(SuiteRunnerWorker.java:52)
	at org.testng.SuiteRunnerWorker.run(SuiteRunnerWorker.java:86)
	at org.testng.TestNG.runSuitesSequentially(TestNG.java:1301)
	at org.testng.TestNG.runSuitesLocally(TestNG.java:1226)
	at org.testng.TestNG.runSuites(TestNG.java:1144)
	at org.testng.TestNG.run(TestNG.java:1115)
	at org.testng.remote.AbstractRemoteTestNG.run(AbstractRemoteTestNG.java:132)
	at org.testng.remote.RemoteTestNG.initAndRun(RemoteTestNG.java:230)
	at org.testng.remote.RemoteTestNG.main(RemoteTestNG.java:76)
]]>
    </error>
  </testcase> <!-- testing -->
</testsuite> <!-- resources.Hotelsearch -->
